<?xml version="1.0" encoding="UTF-8"?>
<!-- Generated by org.testng.reporters.JUnitReportReporter -->
<testsuite skipped="0" hostname="LAPTOP-OQ7QAIPM" name="firstFramework.NewProject07Aug.University" tests="1" failures="0" timestamp="19 Aug 2019 22:24:41 GMT" time="18.556" errors="0">
  <testcase name="canadaGov" time="18.556" classname="firstFramework.NewProject07Aug.University"/>
</testsuite> <!-- firstFramework.NewProject07Aug.University -->
