<?xml version="1.0" encoding="UTF-8"?>
<!-- Generated by org.testng.reporters.JUnitReportReporter -->
<testsuite skipped="0" hostname="LAPTOP-OQ7QAIPM" name="firstFramework.NewProject07Aug.NewclassAug07" tests="1" failures="0" timestamp="07 Aug 2019 23:52:19 GMT" time="18.219" errors="0">
  <testcase name="f" time="18.219" classname="firstFramework.NewProject07Aug.NewclassAug07"/>
</testsuite> <!-- firstFramework.NewProject07Aug.NewclassAug07 -->
