<?xml version="1.0" encoding="UTF-8"?>
<!-- Generated by org.testng.reporters.JUnitReportReporter -->
<testsuite skipped="0" hostname="LAPTOP-OQ7QAIPM" name="Aug.HowardUniversity.Stanford" tests="1" failures="0" timestamp="17 Aug 2019 17:50:20 GMT" time="11.106" errors="0">
  <testcase name="stanford" time="11.106" classname="Aug.HowardUniversity.Stanford"/>
</testsuite> <!-- Aug.HowardUniversity.Stanford -->
